<?xml version="1.0" encoding="UTF-8"?>
<testsuite xmlns:xsi="http://www.w3.org/2001/XMLSchema-instance" xsi:noNamespaceSchemaLocation="https://maven.apache.org/surefire/maven-surefire-plugin/xsd/surefire-test-report-3.0.xsd" version="3.0" name="com.koncini.microservices.SpringMicroservicesDemoApplicationTests" time="6.671" tests="1" errors="0" skipped="0" failures="0">
  <properties>
[...]
</properties>
  <testcase name="shoulCreateProduct" classname="com.koncini.microservices.SpringMicroservicesDemoApplicationTests" time="0.954">
    <system-out><![CDATA[15:56:03.235 [main] INFO org.springframework.test.context.support.AnnotationConfigContextLoaderUtils -- Could not detect default configuration classes for test class [com.koncini.microservices.SpringMicroservicesDemoApplicationTests]: SpringMicroservicesDemoApplicationTests does not declare any static, non-private, non-final, nested classes annotated with @Configuration.
15:56:03.352 [main] INFO org.springframework.boot.test.context.SpringBootTestContextBootstrapper -- Found @SpringBootConfiguration com.koncini.microservices.SpringMicroservicesDemoApplication for test class com.koncini.microservices.SpringMicroservicesDemoApplicationTests
15:56:03.599 [main] INFO org.testcontainers.dockerclient.DockerClientProviderStrategy -- Loaded org.testcontainers.dockerclient.NpipeSocketClientProviderStrategy from ~/.testcontainers.properties, will try it first
15:56:03.981 [main] INFO org.testcontainers.dockerclient.DockerClientProviderStrategy -- Found Docker environment with local Npipe socket (npipe:////./pipe/docker_engine)
15:56:03.982 [main] INFO org.testcontainers.DockerClientFactory -- Docker host IP address is localhost
15:56:04.009 [main] INFO org.testcontainers.DockerClientFactory -- Connected to docker: 
  Server Version: 24.0.6
  API Version: 1.43
  Operating System: Docker Desktop
  Total Memory: 15817 MB
15:56:04.011 [main] INFO org.testcontainers.utility.ImageNameSubstitutor -- Image name substitution will be performed by: DefaultImageNameSubstitutor (composite of 'ConfigurationFileImageNameSubstitutor' and 'PrefixingImageNameSubstitutor')
15:56:04.229 [main] INFO org.testcontainers.utility.RegistryAuthLocator -- Credential helper/store (docker-credential-desktop) does not have credentials for index.docker.io
15:56:04.792 [main] INFO org.testcontainers.DockerClientFactory -- Ryuk started - will monitor and terminate Testcontainers containers on JVM exit
15:56:04.792 [main] INFO org.testcontainers.DockerClientFactory -- Checking the system...
15:56:04.793 [main] INFO org.testcontainers.DockerClientFactory -- ?? Docker server version should be at least 1.6.0
15:56:04.922 [main] INFO org.testcontainers.DockerClientFactory -- ?? Docker environment should have more than 2GB free disk space
15:56:04.933 [main] INFO docker[mongo:4.4.2] -- Creating container for image: mongo:4.4.2
15:56:04.981 [main] INFO docker[mongo:4.4.2] -- Container mongo:4.4.2 is starting: 8a24818c6792c4da05183e25a9899eeab5b4f37f692675e7c8aa75b0b8433440
15:56:06.123 [main] INFO docker[mongo:4.4.2] -- Container mongo:4.4.2 started in PT1.2010466S

  .   ____          _            __ _ _
 /\\ / ___'_ __ _ _(_)_ __  __ _ \ \ \ \
( ( )\___ | '_ | '_| | '_ \/ _` | \ \ \ \
 \\/  ___)| |_)| | | | | || (_| |  ) ) ) )
  '  |____| .__|_| |_|_| |_\__, | / / / /
 =========|_|==============|___/=/_/_/_/
 :: Spring Boot ::                (v3.1.4)

2023-10-11T15:56:06.803-05:00  INFO 26616 --- [           main] .SpringMicroservicesDemoApplicationTests : Starting SpringMicroservicesDemoApplicationTests using Java 17.0.8.1 with PID 26616 (started by rinco in C:\Users\rinco\OneDrive\spring_boot_projects\microservices\ProductService)
2023-10-11T15:56:06.804-05:00  INFO 26616 --- [           main] .SpringMicroservicesDemoApplicationTests : No active profile set, falling back to 1 default profile: "default"
2023-10-11T15:56:07.283-05:00  INFO 26616 --- [           main] .s.d.r.c.RepositoryConfigurationDelegate : Bootstrapping Spring Data MongoDB repositories in DEFAULT mode.
2023-10-11T15:56:07.335-05:00  INFO 26616 --- [           main] .s.d.r.c.RepositoryConfigurationDelegate : Finished Spring Data repository scanning in 46 ms. Found 1 MongoDB repository interfaces.
2023-10-11T15:56:07.732-05:00  INFO 26616 --- [           main] org.mongodb.driver.client                : MongoClient with metadata {"driver": {"name": "mongo-java-driver|sync|spring-boot", "version": "4.9.1"}, "os": {"type": "Windows", "name": "Windows 11", "architecture": "amd64", "version": "10.0"}, "platform": "Java/Eclipse Adoptium/17.0.8.1+1"} created with settings MongoClientSettings{readPreference=primary, writeConcern=WriteConcern{w=null, wTimeout=null ms, journal=null}, retryWrites=true, retryReads=true, readConcern=ReadConcern{level=null}, credential=null, streamFactoryFactory=null, commandListeners=[], codecRegistry=ProvidersCodecRegistry{codecProviders=[ValueCodecProvider{}, BsonValueCodecProvider{}, DBRefCodecProvider{}, DBObjectCodecProvider{}, DocumentCodecProvider{}, CollectionCodecProvider{}, IterableCodecProvider{}, MapCodecProvider{}, GeoJsonCodecProvider{}, GridFSFileCodecProvider{}, Jsr310CodecProvider{}, JsonObjectCodecProvider{}, BsonCodecProvider{}, EnumCodecProvider{}, com.mongodb.client.model.mql.ExpressionCodecProvider@26a4f9ed, com.mongodb.Jep395RecordCodecProvider@7a572ea0]}, loggerSettings=LoggerSettings{maxDocumentLength=1000}, clusterSettings={hosts=[localhost:58746], srvServiceName=mongodb, mode=SINGLE, requiredClusterType=UNKNOWN, requiredReplicaSetName='null', serverSelector='null', clusterListeners='[]', serverSelectionTimeout='30000 ms', localThreshold='30000 ms'}, socketSettings=SocketSettings{connectTimeoutMS=10000, readTimeoutMS=0, receiveBufferSize=0, sendBufferSize=0}, heartbeatSocketSettings=SocketSettings{connectTimeoutMS=10000, readTimeoutMS=10000, receiveBufferSize=0, sendBufferSize=0}, connectionPoolSettings=ConnectionPoolSettings{maxSize=100, minSize=0, maxWaitTimeMS=120000, maxConnectionLifeTimeMS=0, maxConnectionIdleTimeMS=0, maintenanceInitialDelayMS=0, maintenanceFrequencyMS=60000, connectionPoolListeners=[], maxConnecting=2}, serverSettings=ServerSettings{heartbeatFrequencyMS=10000, minHeartbeatFrequencyMS=500, serverListeners='[]', serverMonitorListeners='[]'}, sslSettings=SslSettings{enabled=false, invalidHostNameAllowed=false, context=null}, applicationName='null', compressorList=[], uuidRepresentation=JAVA_LEGACY, serverApi=null, autoEncryptionSettings=null, contextProvider=null}
2023-10-11T15:56:07.755-05:00  INFO 26616 --- [localhost:58746] org.mongodb.driver.cluster               : Monitor thread successfully connected to server with description ServerDescription{address=localhost:58746, type=REPLICA_SET_PRIMARY, state=CONNECTED, ok=true, minWireVersion=0, maxWireVersion=9, maxDocumentSize=16777216, logicalSessionTimeoutMinutes=30, roundTripTimeNanos=22113500, setName='docker-rs', canonicalAddress=8a24818c6792:27017, hosts=[8a24818c6792:27017], passives=[], arbiters=[], primary='8a24818c6792:27017', tagSet=TagSet{[]}, electionId=7fffffff0000000000000001, setVersion=1, topologyVersion=TopologyVersion{processId=65270be5f284c7d41211bc05, counter=6}, lastWriteDate=Wed Oct 11 15:56:06 COT 2023, lastUpdateTimeNanos=14473990072900}
2023-10-11T15:56:08.393-05:00  INFO 26616 --- [           main] o.s.b.t.m.w.SpringBootMockServletContext : Initializing Spring TestDispatcherServlet ''
2023-10-11T15:56:08.393-05:00  INFO 26616 --- [           main] o.s.t.web.servlet.TestDispatcherServlet  : Initializing Servlet ''
2023-10-11T15:56:08.395-05:00  INFO 26616 --- [           main] o.s.t.web.servlet.TestDispatcherServlet  : Completed initialization in 0 ms
2023-10-11T15:56:08.410-05:00  INFO 26616 --- [           main] .SpringMicroservicesDemoApplicationTests : Started SpringMicroservicesDemoApplicationTests in 1.811 seconds (process running for 5.833)
2023-10-11T15:56:09.344-05:00  INFO 26616 --- [           main] c.k.m.models.services.ProductService     : Product 65270be9f8162055a1a6dc55is saved
]]></system-out>
  </testcase>
</testsuite>